<?xml version="1.0" encoding="UTF-8"?>
<testng-results ignored="0" total="1" passed="1" failed="0" skipped="0">
  <reporter-output>
  </reporter-output>
  <suite started-at="2023-03-29T13:29:44 IST" name="Default suite" finished-at="2023-03-29T13:29:59 IST" duration-ms="15178">
    <groups>
    </groups>
    <test started-at="2023-03-29T13:29:44 IST" name="Default test" finished-at="2023-03-29T13:29:59 IST" duration-ms="15178">
      <class name="qtest.qtest.TC">
        <test-method is-config="true" signature="login()[pri:0, instance:qtest.qtest.TC@214894fc]" started-at="2023-03-29T13:29:44 IST" name="login" finished-at="2023-03-29T13:29:50 IST" duration-ms="5878" status="PASS">
          <reporter-output>
          </reporter-output>
        </test-method> <!-- login -->
        <test-method signature="tc1()[pri:0, instance:qtest.qtest.TC@214894fc]" started-at="2023-03-29T13:29:50 IST" name="tc1" finished-at="2023-03-29T13:29:59 IST" duration-ms="9239" status="PASS">
          <reporter-output>
          </reporter-output>
        </test-method> <!-- tc1 -->
      </class> <!-- qtest.qtest.TC -->
    </test> <!-- Default test -->
  </suite> <!-- Default suite -->
</testng-results>
